<?xml version="1.0" encoding="utf-8"?><testsuites name="pytest tests"><testsuite name="pytest" errors="0" failures="1" skipped="0" tests="31" time="6.952" timestamp="2026-08-27T08:25:37.848202+00:00" hostname="agent-env-751cb2d0-f593-4df7-8556-db4b0ea33fcc"><testcase classname="tests.test_iteration2.TestRoleLogins" name="test_admin_login" time="0.638" /><testcase classname="tests.test_iteration2.TestRoleLogins" name="test_tech_login_permissions" time="0.521" /><testcase classname="tests.test_iteration2.TestServiceReportPhotos" name="test_photos_with_captions_bug" time="2.010"><failure message="Failed: BUG: multi-photo with captions rejected — 422 {&quot;detail&quot;:[{&quot;type&quot;:&quot;string_type&quot;,&quot;loc&quot;:[&quot;body&quot;,&quot;photos&quot;,0],&quot;msg&quot;:&quot;Input should be a valid string&quot;,&quot;input&quot;:{&quot;path&quot;:&quot;pestops-pro/uploads/521ded37-668b-4d11-b959-f0ad946cc3c9/0b144201-ba5e-415c-b799-4fa70551c029.png&quot;,&quot;caption&quot;:&quot;before&quot;},&quot;url&quot;:&quot;https://errors.pydantic.dev/2.13/v/string_type&quot;},{&quot;type&quot;:&quot;s">E   Failed: BUG: multi-photo with captions rejected — 422 {"detail":[{"type":"string_type","loc":["body","photos",0],"msg":"Input should be a valid string","input":{"path":"pestops-pro/uploads/521ded37-668b-4d11-b959-f0ad946cc3c9/0b144201-ba5e-415c-b799-4fa70551c029.png","caption":"before"},"url":"https://errors.pydantic.dev/2.13/v/string_type"},{"type":"s</failure></testcase><testcase classname="tests.test_iteration2.TestRoleLogins" name="test_client_login" time="0.505" /><testcase classname="tests.test_iteration2.TestRoleLogins" name="test_dev_login" time="0.364" /><testcase classname="tests.test_iteration2.TestClientScoping" name="test_client_tasks_scoped" time="0.339" /><testcase classname="tests.test_iteration2.TestServiceReportPhotos" name="test_photos_preserved_string_schema" time="0.396" /><testcase classname="tests.test_iteration2.TestServiceReportPhotos" name="test_client_signature_present" time="0.000" /><testcase classname="tests.test_iteration2.TestServiceReportPhotos" name="test_sr_filters" time="0.346" /><testcase classname="tests.test_iteration2.TestClientScoping" name="test_client_forbidden_from_other_customer" time="0.500" /><testcase classname="tests.test_iteration2.TestClientScoping" name="test_client_gps_ping_forbidden" time="0.211" /><testcase classname="tests.test_iteration2.TestServiceReportPhotos" name="test_client_sees_only_own_srs" time="0.485" /><testcase classname="tests.test_iteration2.TestBranding" name="test_get_branding_defaults" time="0.119" /><testcase classname="tests.test_iteration2.TestBranding" name="test_put_branding_as_developer" time="0.105" /><testcase classname="tests.test_iteration2.TestEmailEndpoints" name="test_sr_email_no_recipient_400" time="0.541" /><testcase classname="tests.test_iteration2.TestBranding" name="test_put_branding_as_tech_forbidden" time="0.114" /><testcase classname="tests.test_iteration2.TestSchedules" name="test_mass_create_only_weekdays" time="0.137" /><testcase classname="tests.test_iteration2.TestSchedules" name="test_list_and_update_and_delete" time="0.590" /><testcase classname="tests.test_iteration2.TestEmailEndpoints" name="test_sr_email_with_override" time="0.674" /><testcase classname="tests.test_iteration2.TestGeocode" name="test_search" time="0.234" /><testcase classname="tests.test_iteration2.TestGeocode" name="test_reverse" time="0.293" /><testcase classname="tests.test_iteration2.TestEmailEndpoints" name="test_monthly_email_perm_and_flow" time="0.319" /><testcase classname="tests.test_iteration2.TestTaskFilters" name="test_customer_filter" time="0.132" /><testcase classname="tests.test_iteration2.TestTaskFilters" name="test_date_range_filter" time="0.368" /><testcase classname="tests.test_iteration2.TestCustomerClientLink" name="test_client_user_created" time="0.678" /><testcase classname="tests.test_iteration2.TestCustomerClientLink" name="test_new_client_can_login" time="0.359" /><testcase classname="tests.test_iteration2.TestAttendance" name="test_checkin_stores_address" time="0.710" /><testcase classname="tests.test_iteration2.TestMonthlyReport" name="test_monthly_data" time="0.126" /><testcase classname="tests.test_iteration2.TestAttendance" name="test_checkout_updates_checkin" time="0.302" /><testcase classname="tests.test_iteration2.TestMonthlyReport" name="test_monthly_pdf" time="0.179" /><testcase classname="tests.test_iteration2.TestBulkZip" name="test_zip_export" time="0.391" /></testsuite></testsuites>