<?xml version="1.0" encoding="utf-8"?><testsuites name="pytest tests"><testsuite name="pytest" errors="0" failures="0" skipped="0" tests="77" time="27.264" timestamp="2026-08-27T09:00:31.084491+00:00" hostname="agent-env-751cb2d0-f593-4df7-8556-db4b0ea33fcc"><testcase classname="tests.backend_test.TestAuth" name="test_admin_login" time="0.416" /><testcase classname="tests.backend_test.TestAuth" name="test_tech_login" time="0.474" /><testcase classname="tests.backend_test.TestAuth" name="test_me_admin" time="0.178" /><testcase classname="tests.backend_test.TestAuth" name="test_me_unauthenticated" time="0.098" /><testcase classname="tests.backend_test.TestAuth" name="test_login_bad_password" time="0.318" /><testcase classname="tests.test_iteration2.TestClientScoping" name="test_client_tasks_scoped" time="1.866" /><testcase classname="tests.test_iteration2.TestClientScoping" name="test_client_forbidden_from_other_customer" time="0.962" /><testcase classname="tests.test_iteration2.TestClientScoping" name="test_client_own_customer_filter_ok" time="0.444" /><testcase classname="tests.test_iteration2.TestServiceReportPhotos" name="test_photos_with_captions_bug" time="1.689" /><testcase classname="tests.test_iteration2.TestClientScoping" name="test_client_no_param_scoped" time="0.476" /><testcase classname="tests.test_iteration2.TestServiceReportPhotos" name="test_photos_preserved_string_schema" time="0.319" /><testcase classname="tests.test_iteration2.TestServiceReportPhotos" name="test_client_signature_present" time="0.000" /><testcase classname="tests.test_iteration2.TestServiceReportPhotos" name="test_sr_filters" time="0.116" /><testcase classname="tests.test_iteration2.TestClientScoping" name="test_client_gps_ping_forbidden" time="0.223" /><testcase classname="tests.test_iteration2.TestServiceReportPhotos" name="test_client_sees_only_own_srs" time="0.478" /><testcase classname="tests.test_iteration4.TestEmailSettings" name="test_get_masks_password" time="0.573" /><testcase classname="tests.test_iteration4.TestEmailSettings" name="test_put_whitelists_unknown_keys" time="0.172" /><testcase classname="tests.test_iteration4.TestReportsFilters" name="test_attendance_month_filter" time="0.617" /><testcase classname="tests.test_iteration4.TestEmailSettings" name="test_put_empty_password_does_not_overwrite" time="0.554" /><testcase classname="tests.test_iteration4.TestReportsFilters" name="test_attendance_user_customer_filter" time="0.362" /><testcase classname="tests.test_iteration4.TestReportsFilters" name="test_customers_customer_id_filter" time="0.139" /><testcase classname="tests.test_iteration4.TestReportsFilters" name="test_employees_role_filter" time="0.103" /><testcase classname="tests.test_iteration4.TestReportsFilters" name="test_employees_pdf_role_filter" time="0.307" /><testcase classname="tests.test_iteration4.TestEmailSettings" name="test_client_forbidden_email_settings" time="0.677" /><testcase classname="tests.test_iteration2.TestRoleLogins" name="test_admin_login" time="0.000" /><testcase classname="tests.test_iteration2.TestRoleLogins" name="test_tech_login_permissions" time="0.000" /><testcase classname="tests.test_iteration2.TestRoleLogins" name="test_client_login" time="0.000" /><testcase classname="tests.test_iteration2.TestRoleLogins" name="test_dev_login" time="0.325" /><testcase classname="tests.backend_test.TestSettings" name="test_get_defaults" time="0.194" /><testcase classname="tests.test_iteration4.TestEmailSettings" name="test_email_test_endpoint" time="0.357" /><testcase classname="tests.backend_test.TestSettings" name="test_put_settings_admin" time="0.114" /><testcase classname="tests.backend_test.TestSettings" name="test_put_settings_tech_forbidden" time="0.102" /><testcase classname="tests.test_iteration4.TestCronAutoMonthly" name="test_cron_requires_bearer" time="0.107" /><testcase classname="tests.test_iteration2.TestBranding" name="test_get_branding_defaults" time="0.135" /><testcase classname="tests.test_iteration4.TestCronAutoMonthly" name="test_cron_wrong_secret" time="0.116" /><testcase classname="tests.test_iteration2.TestBranding" name="test_put_branding_as_developer" time="0.121" /><testcase classname="tests.test_iteration4.TestCronAutoMonthly" name="test_cron_disabled_skips" time="0.236" /><testcase classname="tests.test_iteration2.TestBranding" name="test_put_branding_as_tech_forbidden" time="0.124" /><testcase classname="tests.test_iteration2.TestEmailEndpoints" name="test_sr_email_no_recipient_400" time="0.516" /><testcase classname="tests.test_iteration4.TestCronAutoMonthly" name="test_cron_enabled_queues" time="0.409" /><testcase classname="tests.test_iteration2.TestEmailEndpoints" name="test_sr_email_with_override" time="0.574" /><testcase classname="tests.test_iteration2.TestEmailEndpoints" name="test_monthly_email_perm_and_flow" time="0.284" /><testcase classname="tests.test_iteration4.TestReopenTask" name="test_reopen_flow_admin" time="1.500" /><testcase classname="tests.backend_test.TestGPS" name="test_tech_gps_ping" time="0.105" /><testcase classname="tests.backend_test.TestGPS" name="test_live_locations_admin" time="0.262" /><testcase classname="tests.test_iteration4.TestReopenTask" name="test_reopen_forbidden_for_tech" time="0.378" /><testcase classname="tests.backend_test.TestServiceReport" name="test_create_sr_marks_task_completed" time="0.572" /><testcase classname="tests.backend_test.TestServiceReport" name="test_sr_pdf" time="0.380" /><testcase classname="tests.test_iteration4.TestReopenTask" name="test_reopen_by_developer" time="0.698" /><testcase classname="tests.backend_test.TestDashboard" name="test_dashboard_admin" time="0.102" /><testcase classname="tests.backend_test.TestDashboard" name="test_dashboard_tech_no_tech_summary" time="0.144" /><testcase classname="tests.test_iteration2.TestSchedules" name="test_mass_create_only_weekdays" time="0.122" /><testcase classname="tests.test_iteration2.TestSchedules" name="test_list_and_update_and_delete" time="11.866" /><testcase classname="tests.backend_test.TestReportsExport" name="test_attendance_excel" time="11.742" /><testcase classname="tests.backend_test.TestReportsExport" name="test_attendance_pdf" time="0.124" /><testcase classname="tests.test_iteration2.TestCustomerClientLink" name="test_client_user_created" time="0.166" /><testcase classname="tests.test_iteration2.TestGeocode" name="test_search" time="0.500" /><testcase classname="tests.test_iteration2.TestCustomerClientLink" name="test_new_client_can_login" time="0.339" /><testcase classname="tests.test_iteration2.TestTaskFilters" name="test_customer_filter" time="0.161" /><testcase classname="tests.test_iteration2.TestGeocode" name="test_reverse" time="0.215" /><testcase classname="tests.test_iteration2.TestTaskFilters" name="test_date_range_filter" time="0.142" /><testcase classname="tests.test_iteration2.TestAttendance" name="test_checkin_stores_address" time="0.509" /><testcase classname="tests.test_iteration2.TestAttendance" name="test_checkout_updates_checkin" time="0.654" /><testcase classname="tests.test_iteration4.TestMonthlyReport" name="test_monthly_data_has_first_report_date" time="0.158" /><testcase classname="tests.test_iteration2.TestMonthlyReport" name="test_monthly_data" time="1.351" /><testcase classname="tests.test_iteration4.TestMonthlyReport" name="test_monthly_pdf_include_srs_merged" time="0.339" /><testcase classname="tests.test_iteration2.TestMonthlyReport" name="test_monthly_pdf" time="0.131" /><testcase classname="tests.backend_test.TestTasks" name="test_list_tasks_enriched" time="0.190" /><testcase classname="tests.backend_test.TestCustomers" name="test_create_and_get" time="0.411" /><testcase classname="tests.backend_test.TestAttendance" name="test_checkin" time="0.695" /><testcase classname="tests.backend_test.TestPermissions" name="test_tech_cannot_create_user" time="0.176" /><testcase classname="tests.backend_test.TestLeave" name="test_create_and_approve_leave" time="1.368" /><testcase classname="tests.backend_test.TestUpload" name="test_upload_base64_returns_path" time="0.000" /><testcase classname="tests.test_iteration4.TestServiceReportTreatments" name="test_create_sr_with_treatments" time="0.899" /><testcase classname="tests.backend_test.TestAudit" name="test_audit_has_entries" time="0.114" /><testcase classname="tests.test_iteration2.TestBulkZip" name="test_zip_export" time="0.471" /><testcase classname="tests.test_iteration4.TestServiceReportPDF" name="test_sr_pdf" time="0.858" /></testsuite></testsuites>