<?xml version="1.0" encoding="utf-8"?><testsuites name="pytest tests"><testsuite name="pytest" errors="0" failures="0" skipped="0" tests="33" time="43.634" timestamp="2026-08-27T08:28:31.056314+00:00" hostname="agent-env-751cb2d0-f593-4df7-8556-db4b0ea33fcc"><testcase classname="tests.test_iteration2.TestClientScoping" name="test_client_tasks_scoped" time="1.617" /><testcase classname="tests.test_iteration2.TestServiceReportPhotos" name="test_photos_with_captions_bug" time="2.271" /><testcase classname="tests.test_iteration2.TestClientScoping" name="test_client_forbidden_from_other_customer" time="0.751" /><testcase classname="tests.test_iteration2.TestClientScoping" name="test_client_own_customer_filter_ok" time="0.448" /><testcase classname="tests.test_iteration2.TestServiceReportPhotos" name="test_photos_preserved_string_schema" time="0.399" /><testcase classname="tests.test_iteration2.TestServiceReportPhotos" name="test_client_signature_present" time="0.000" /><testcase classname="tests.test_iteration2.TestServiceReportPhotos" name="test_sr_filters" time="0.119" /><testcase classname="tests.test_iteration2.TestClientScoping" name="test_client_no_param_scoped" time="0.849" /><testcase classname="tests.test_iteration2.TestServiceReportPhotos" name="test_client_sees_only_own_srs" time="0.481" /><testcase classname="tests.test_iteration2.TestRoleLogins" name="test_admin_login" time="0.000" /><testcase classname="tests.test_iteration2.TestRoleLogins" name="test_tech_login_permissions" time="0.000" /><testcase classname="tests.test_iteration2.TestRoleLogins" name="test_client_login" time="0.000" /><testcase classname="tests.test_iteration2.TestRoleLogins" name="test_dev_login" time="0.357" /><testcase classname="tests.test_iteration2.TestEmailEndpoints" name="test_sr_email_no_recipient_400" time="0.693" /><testcase classname="tests.test_iteration2.TestClientScoping" name="test_client_gps_ping_forbidden" time="0.115" /><testcase classname="tests.test_iteration2.TestBranding" name="test_get_branding_defaults" time="0.160" /><testcase classname="tests.test_iteration2.TestBranding" name="test_put_branding_as_developer" time="0.482" /><testcase classname="tests.test_iteration2.TestEmailEndpoints" name="test_sr_email_with_override" time="0.830" /><testcase classname="tests.test_iteration2.TestBranding" name="test_put_branding_as_tech_forbidden" time="0.525" /><testcase classname="tests.test_iteration2.TestSchedules" name="test_mass_create_only_weekdays" time="0.122" /><testcase classname="tests.test_iteration2.TestSchedules" name="test_list_and_update_and_delete" time="0.668" /><testcase classname="tests.test_iteration2.TestEmailEndpoints" name="test_monthly_email_perm_and_flow" time="0.331" /><testcase classname="tests.test_iteration2.TestGeocode" name="test_search" time="0.253" /><testcase classname="tests.test_iteration2.TestGeocode" name="test_reverse" time="0.228" /><testcase classname="tests.test_iteration2.TestCustomerClientLink" name="test_client_user_created" time="0.102" /><testcase classname="tests.test_iteration2.TestCustomerClientLink" name="test_new_client_can_login" time="0.342" /><testcase classname="tests.test_iteration2.TestTaskFilters" name="test_customer_filter" time="0.355" /><testcase classname="tests.test_iteration2.TestTaskFilters" name="test_date_range_filter" time="0.142" /><testcase classname="tests.test_iteration2.TestMonthlyReport" name="test_monthly_data" time="0.119" /><testcase classname="tests.test_iteration2.TestAttendance" name="test_checkin_stores_address" time="0.516" /><testcase classname="tests.test_iteration2.TestMonthlyReport" name="test_monthly_pdf" time="0.143" /><testcase classname="tests.test_iteration2.TestAttendance" name="test_checkout_updates_checkin" time="0.313" /><testcase classname="tests.test_iteration2.TestBulkZip" name="test_zip_export" time="36.271" /></testsuite></testsuites>