<?xml version="1.0" encoding="utf-8"?><testsuites name="pytest tests"><testsuite name="pytest" errors="0" failures="0" skipped="0" tests="18" time="2.131" timestamp="2026-08-27T09:33:08.449462+00:00" hostname="agent-env-751cb2d0-f593-4df7-8556-db4b0ea33fcc"><testcase classname="tests.test_iteration5.TestCSVImport" name="test_import_template_csv_content" time="0.681" /><testcase classname="tests.test_iteration5.TestWhatsApp" name="test_wa_test_requires_admin_dev" time="0.688" /><testcase classname="tests.test_iteration5.TestCSVImport" name="test_import_csv_creates_and_skips_dupes" time="0.008" /><testcase classname="tests.test_iteration5.TestWhatsApp" name="test_wa_test_with_bad_creds_returns_502" time="0.659" /><testcase classname="tests.test_iteration5.TestCSVImport" name="test_import_csv_requires_permission" time="0.256" /><testcase classname="tests.test_iteration5.TestMonthlyExports" name="test_monthly_report_excel" time="0.018" /><testcase classname="tests.test_iteration5.TestMonthlyExports" name="test_monthly_report_pptx" time="0.062" /><testcase classname="tests.test_iteration5.TestEmailSettingsWA" name="test_get_exposes_wa_fields_and_masks_token" time="0.003" /><testcase classname="tests.test_iteration5.TestEmailSettingsWA" name="test_put_whitelists_wa_and_preserves_secret" time="0.009" /><testcase classname="tests.test_iteration5.TestCron" name="test_cron_skips_when_both_disabled" time="0.005" /><testcase classname="tests.test_iteration5.TestCron" name="test_cron_queued_when_one_enabled" time="0.008" /><testcase classname="tests.test_iteration5.TestSmoke" name="test_health" time="0.299" /><testcase classname="tests.test_iteration5.TestWhatsApp" name="test_wa_disabled_returns_409" time="0.014" /><testcase classname="tests.test_iteration5.TestSmoke" name="test_monthly_report_historical_pest_includes_target_month" time="0.079" /><testcase classname="tests.test_iteration5.TestWhatsApp" name="test_service_report_whatsapp" time="0.330" /><testcase classname="tests.test_iteration5.TestEnabledToggles" name="test_email_disabled_test_returns_409" time="0.268" /><testcase classname="tests.test_iteration5.TestWhatsApp" name="test_service_report_whatsapp_no_phone_returns_400" time="0.011" /><testcase classname="tests.test_iteration5.TestWhatsApp" name="test_monthly_report_whatsapp" time="0.125" /></testsuite></testsuites>