<?xml version="1.0" encoding="utf-8"?><testsuites name="pytest tests"><testsuite name="pytest" errors="0" failures="1" skipped="0" tests="95" time="61.532" timestamp="2026-08-27T09:33:15.069389+00:00" hostname="agent-env-751cb2d0-f593-4df7-8556-db4b0ea33fcc"><testcase classname="tests.backend_test.TestAuth" name="test_admin_login" time="0.226" /><testcase classname="tests.backend_test.TestAuth" name="test_tech_login" time="0.467" /><testcase classname="tests.backend_test.TestAuth" name="test_me_admin" time="0.003" /><testcase classname="tests.backend_test.TestAuth" name="test_me_unauthenticated" time="0.002" /><testcase classname="tests.backend_test.TestAuth" name="test_login_bad_password" time="0.446" /><testcase classname="tests.test_iteration5.TestWhatsApp" name="test_wa_test_requires_admin_dev" time="1.600" /><testcase classname="tests.test_iteration5.TestWhatsApp" name="test_wa_test_with_bad_creds_returns_502" time="0.946" /><testcase classname="tests.test_iteration2.TestClientScoping" name="test_client_tasks_scoped" time="0.982" /><testcase classname="tests.test_iteration2.TestClientScoping" name="test_client_forbidden_from_other_customer" time="0.237" /><testcase classname="tests.test_iteration2.TestClientScoping" name="test_client_own_customer_filter_ok" time="0.257" /><testcase classname="tests.test_iteration5.TestWhatsApp" name="test_wa_disabled_returns_409" time="0.058" /><testcase classname="tests.test_iteration2.TestClientScoping" name="test_client_no_param_scoped" time="0.318" /><testcase classname="tests.test_iteration5.TestWhatsApp" name="test_service_report_whatsapp" time="0.670" /><testcase classname="tests.test_iteration2.TestClientScoping" name="test_client_gps_ping_forbidden" time="0.003" /><testcase classname="tests.test_iteration2.TestServiceReportPhotos" name="test_photos_with_captions_bug" time="0.614" /><testcase classname="tests.test_iteration5.TestWhatsApp" name="test_service_report_whatsapp_no_phone_returns_400" time="0.257" /><testcase classname="tests.test_iteration5.TestWhatsApp" name="test_monthly_report_whatsapp" time="0.514" /><testcase classname="tests.test_iteration2.TestServiceReportPhotos" name="test_photos_preserved_string_schema" time="0.034" /><testcase classname="tests.test_iteration2.TestServiceReportPhotos" name="test_client_signature_present" time="0.000" /><testcase classname="tests.test_iteration2.TestServiceReportPhotos" name="test_sr_filters" time="0.006" /><testcase classname="tests.test_iteration2.TestServiceReportPhotos" name="test_client_sees_only_own_srs" time="0.006" /><testcase classname="tests.test_iteration4.TestReportsFilters" name="test_attendance_month_filter" time="0.426" /><testcase classname="tests.test_iteration4.TestReportsFilters" name="test_attendance_user_customer_filter" time="0.454" /><testcase classname="tests.test_iteration4.TestEmailSettings" name="test_get_masks_password" time="0.229" /><testcase classname="tests.test_iteration4.TestEmailSettings" name="test_put_whitelists_unknown_keys" time="0.011" /><testcase classname="tests.test_iteration4.TestEmailSettings" name="test_put_empty_password_does_not_overwrite" time="0.481" /><testcase classname="tests.test_iteration4.TestReportsFilters" name="test_customers_customer_id_filter" time="0.531" /><testcase classname="tests.test_iteration4.TestEmailSettings" name="test_client_forbidden_email_settings" time="0.248" /><testcase classname="tests.test_iteration4.TestEmailSettings" name="test_email_test_endpoint" time="0.500"><failure message="AssertionError: {&quot;detail&quot;:&quot;Email provider error: 429&quot;}&#10;assert 502 == 200&#10; +  where 502 = &lt;Response [502]&gt;.status_code">tests/test_iteration4.py:286: in test_email_test_endpoint
    assert r.status_code == 200, r.text[:200]
E   AssertionError: {"detail":"Email provider error: 429"}
E   assert 502 == 200
E    +  where 502 = &lt;Response [502]&gt;.status_code</failure></testcase><testcase classname="tests.test_iteration4.TestReportsFilters" name="test_employees_role_filter" time="0.014" /><testcase classname="tests.test_iteration4.TestReportsFilters" name="test_employees_pdf_role_filter" time="0.010" /><testcase classname="tests.test_iteration4.TestCronAutoMonthly" name="test_cron_requires_bearer" time="0.001" /><testcase classname="tests.test_iteration4.TestCronAutoMonthly" name="test_cron_wrong_secret" time="0.001" /><testcase classname="tests.test_iteration4.TestCronAutoMonthly" name="test_cron_disabled_skips" time="0.005" /><testcase classname="tests.test_iteration4.TestCronAutoMonthly" name="test_cron_enabled_queues" time="0.030" /><testcase classname="tests.backend_test.TestSettings" name="test_get_defaults" time="0.003" /><testcase classname="tests.backend_test.TestSettings" name="test_put_settings_admin" time="0.174" /><testcase classname="tests.backend_test.TestSettings" name="test_put_settings_tech_forbidden" time="0.022" /><testcase classname="tests.test_iteration2.TestBranding" name="test_get_branding_defaults" time="0.236" /><testcase classname="tests.test_iteration2.TestBranding" name="test_put_branding_as_developer" time="0.476" /><testcase classname="tests.test_iteration2.TestRoleLogins" name="test_admin_login" time="0.448" /><testcase classname="tests.test_iteration2.TestBranding" name="test_put_branding_as_tech_forbidden" time="0.225" /><testcase classname="tests.test_iteration2.TestRoleLogins" name="test_tech_login_permissions" time="0.226" /><testcase classname="tests.test_iteration2.TestEmailEndpoints" name="test_sr_email_no_recipient_400" time="1.442" /><testcase classname="tests.test_iteration2.TestRoleLogins" name="test_client_login" time="0.594" /><testcase classname="tests.test_iteration2.TestRoleLogins" name="test_dev_login" time="0.226" /><testcase classname="tests.test_iteration2.TestEmailEndpoints" name="test_sr_email_with_override" time="2.370" /><testcase classname="tests.test_iteration4.TestReopenTask" name="test_reopen_flow_admin" time="2.300" /><testcase classname="tests.test_iteration4.TestReopenTask" name="test_reopen_forbidden_for_tech" time="0.261" /><testcase classname="tests.test_iteration4.TestReopenTask" name="test_reopen_by_developer" time="0.408" /><testcase classname="tests.test_iteration2.TestEmailEndpoints" name="test_monthly_email_perm_and_flow" time="1.973" /><testcase classname="tests.backend_test.TestGPS" name="test_tech_gps_ping" time="0.251" /><testcase classname="tests.backend_test.TestGPS" name="test_live_locations_admin" time="0.574" /><testcase classname="tests.backend_test.TestServiceReport" name="test_create_sr_marks_task_completed" time="0.300" /><testcase classname="tests.backend_test.TestServiceReport" name="test_sr_pdf" time="2.337" /><testcase classname="tests.test_iteration5.TestCSVImport" name="test_import_template_csv_content" time="0.679" /><testcase classname="tests.test_iteration5.TestCSVImport" name="test_import_csv_creates_and_skips_dupes" time="0.031" /><testcase classname="tests.test_iteration5.TestCSVImport" name="test_import_csv_requires_permission" time="0.230" /><testcase classname="tests.backend_test.TestReportsExport" name="test_attendance_excel" time="0.524" /><testcase classname="tests.backend_test.TestReportsExport" name="test_attendance_pdf" time="0.042" /><testcase classname="tests.backend_test.TestDashboard" name="test_dashboard_admin" time="0.012" /><testcase classname="tests.backend_test.TestDashboard" name="test_dashboard_tech_no_tech_summary" time="0.005" /><testcase classname="tests.test_iteration2.TestGeocode" name="test_search" time="1.029" /><testcase classname="tests.test_iteration2.TestSchedules" name="test_mass_create_only_weekdays" time="0.004" /><testcase classname="tests.test_iteration2.TestSchedules" name="test_list_and_update_and_delete" time="0.065" /><testcase classname="tests.test_iteration2.TestTaskFilters" name="test_customer_filter" time="0.047" /><testcase classname="tests.test_iteration2.TestTaskFilters" name="test_date_range_filter" time="0.242" /><testcase classname="tests.test_iteration2.TestAttendance" name="test_checkin_stores_address" time="0.647" /><testcase classname="tests.test_iteration2.TestGeocode" name="test_reverse" time="0.715" /><testcase classname="tests.test_iteration2.TestAttendance" name="test_checkout_updates_checkin" time="0.279" /><testcase classname="tests.test_iteration2.TestMonthlyReport" name="test_monthly_data" time="0.007" /><testcase classname="tests.test_iteration2.TestMonthlyReport" name="test_monthly_pdf" time="0.910" /><testcase classname="tests.test_iteration2.TestCustomerClientLink" name="test_client_user_created" time="0.257" /><testcase classname="tests.test_iteration2.TestCustomerClientLink" name="test_new_client_can_login" time="0.224" /><testcase classname="tests.test_iteration5.TestMonthlyExports" name="test_monthly_report_excel" time="0.540" /><testcase classname="tests.test_iteration4.TestMonthlyReport" name="test_monthly_data_has_first_report_date" time="0.307" /><testcase classname="tests.test_iteration4.TestMonthlyReport" name="test_monthly_pdf_include_srs_merged" time="0.977" /><testcase classname="tests.test_iteration5.TestMonthlyExports" name="test_monthly_report_pptx" time="0.450" /><testcase classname="tests.test_iteration5.TestEmailSettingsWA" name="test_get_exposes_wa_fields_and_masks_token" time="0.003" /><testcase classname="tests.test_iteration5.TestEmailSettingsWA" name="test_put_whitelists_wa_and_preserves_secret" time="0.009" /><testcase classname="tests.test_iteration5.TestSmoke" name="test_health" time="0.004" /><testcase classname="tests.test_iteration5.TestSmoke" name="test_monthly_report_historical_pest_includes_target_month" time="0.277" /><testcase classname="tests.backend_test.TestCustomers" name="test_create_and_get" time="0.005" /><testcase classname="tests.test_iteration5.TestCron" name="test_cron_skips_when_both_disabled" time="0.008" /><testcase classname="tests.backend_test.TestTasks" name="test_list_tasks_enriched" time="0.032" /><testcase classname="tests.test_iteration5.TestCron" name="test_cron_queued_when_one_enabled" time="0.363" /><testcase classname="tests.backend_test.TestAttendance" name="test_checkin" time="0.754" /><testcase classname="tests.backend_test.TestLeave" name="test_create_and_approve_leave" time="0.428" /><testcase classname="tests.backend_test.TestAudit" name="test_audit_has_entries" time="0.022" /><testcase classname="tests.backend_test.TestPermissions" name="test_tech_cannot_create_user" time="0.014" /><testcase classname="tests.backend_test.TestUpload" name="test_upload_base64_returns_path" time="0.000" /><testcase classname="tests.test_iteration2.TestBulkZip" name="test_zip_export" time="39.295" /><testcase classname="tests.test_iteration4.TestServiceReportTreatments" name="test_create_sr_with_treatments" time="0.240" /><testcase classname="tests.test_iteration5.TestEnabledToggles" name="test_email_disabled_test_returns_409" time="0.803" /><testcase classname="tests.test_iteration4.TestServiceReportPDF" name="test_sr_pdf" time="4.067" /></testsuite></testsuites>