<?xml version="1.0" encoding="utf-8"?><testsuites name="pytest tests"><testsuite name="pytest" errors="0" failures="1" skipped="0" tests="21" time="6.184" timestamp="2026-08-27T08:57:05.616026+00:00" hostname="agent-env-751cb2d0-f593-4df7-8556-db4b0ea33fcc"><testcase classname="tests.test_iteration4.TestReportsFilters" name="test_attendance_month_filter" time="0.740" /><testcase classname="tests.test_iteration4.TestEmailSettings" name="test_get_masks_password" time="0.928" /><testcase classname="tests.test_iteration4.TestEmailSettings" name="test_put_whitelists_unknown_keys" time="0.121" /><testcase classname="tests.test_iteration4.TestReportsFilters" name="test_attendance_user_customer_filter" time="0.405" /><testcase classname="tests.test_iteration4.TestEmailSettings" name="test_put_empty_password_does_not_overwrite" time="0.556" /><testcase classname="tests.test_iteration4.TestReportsFilters" name="test_customers_customer_id_filter" time="0.122" /><testcase classname="tests.test_iteration4.TestReportsFilters" name="test_employees_role_filter" time="0.133" /><testcase classname="tests.test_iteration4.TestReportsFilters" name="test_employees_pdf_role_filter" time="0.105" /><testcase classname="tests.test_iteration4.TestCronAutoMonthly" name="test_cron_requires_bearer" time="0.095" /><testcase classname="tests.test_iteration4.TestCronAutoMonthly" name="test_cron_wrong_secret" time="0.104" /><testcase classname="tests.test_iteration4.TestCronAutoMonthly" name="test_cron_disabled_skips" time="0.380" /><testcase classname="tests.test_iteration4.TestEmailSettings" name="test_client_forbidden_email_settings" time="0.531" /><testcase classname="tests.test_iteration4.TestCronAutoMonthly" name="test_cron_enabled_queues" time="0.412" /><testcase classname="tests.test_iteration4.TestEmailSettings" name="test_email_test_endpoint" time="0.467" /><testcase classname="tests.test_iteration4.TestMonthlyReport" name="test_monthly_data_has_first_report_date" time="0.137" /><testcase classname="tests.test_iteration4.TestMonthlyReport" name="test_monthly_pdf_include_srs_merged" time="0.507" /><testcase classname="tests.test_iteration4.TestReopenTask" name="test_reopen_flow_admin" time="1.759"><failure message="AssertionError: status is overdue&#10;assert 'overdue' == 'pending'&#10;  &#10;  - pending&#10;  + overdue">backend/tests/test_iteration4.py:131: in test_reopen_flow_admin
    assert tobj2["status"] == "pending", f"status is {tobj2['status']}"
E   AssertionError: status is overdue
E   assert 'overdue' == 'pending'
E     
E     - pending
E     + overdue</failure></testcase><testcase classname="tests.test_iteration4.TestServiceReportTreatments" name="test_create_sr_with_treatments" time="0.957" /><testcase classname="tests.test_iteration4.TestServiceReportPDF" name="test_sr_pdf" time="0.948" /><testcase classname="tests.test_iteration4.TestReopenTask" name="test_reopen_forbidden_for_tech" time="0.801" /><testcase classname="tests.test_iteration4.TestReopenTask" name="test_reopen_by_developer" time="0.695" /></testsuite></testsuites>