<?xml version="1.0" encoding="utf-8"?><testsuites name="pytest tests"><testsuite name="pytest" errors="0" failures="0" skipped="0" tests="23" time="3.923" timestamp="2026-08-27T08:06:43.370422+00:00" hostname="agent-env-751cb2d0-f593-4df7-8556-db4b0ea33fcc"><testcase classname="tests.backend_test.TestAuth" name="test_admin_login" time="0.358" /><testcase classname="tests.backend_test.TestSettings" name="test_get_defaults" time="0.813" /><testcase classname="tests.backend_test.TestAuth" name="test_tech_login" time="0.453" /><testcase classname="tests.backend_test.TestAuth" name="test_me_admin" time="0.131" /><testcase classname="tests.backend_test.TestSettings" name="test_put_settings_admin" time="0.115" /><testcase classname="tests.backend_test.TestAuth" name="test_me_unauthenticated" time="0.311" /><testcase classname="tests.backend_test.TestAuth" name="test_login_bad_password" time="0.361" /><testcase classname="tests.backend_test.TestSettings" name="test_put_settings_tech_forbidden" time="0.671" /><testcase classname="tests.backend_test.TestGPS" name="test_tech_gps_ping" time="0.126" /><testcase classname="tests.backend_test.TestGPS" name="test_live_locations_admin" time="0.214" /><testcase classname="tests.backend_test.TestDashboard" name="test_dashboard_admin" time="0.102" /><testcase classname="tests.backend_test.TestDashboard" name="test_dashboard_tech_no_tech_summary" time="0.122" /><testcase classname="tests.backend_test.TestServiceReport" name="test_create_sr_marks_task_completed" time="0.633" /><testcase classname="tests.backend_test.TestServiceReport" name="test_sr_pdf" time="0.172" /><testcase classname="tests.backend_test.TestCustomers" name="test_create_and_get" time="0.233" /><testcase classname="tests.backend_test.TestReportsExport" name="test_attendance_excel" time="0.129" /><testcase classname="tests.backend_test.TestTasks" name="test_list_tasks_enriched" time="0.226" /><testcase classname="tests.backend_test.TestReportsExport" name="test_attendance_pdf" time="0.153" /><testcase classname="tests.backend_test.TestAudit" name="test_audit_has_entries" time="0.212" /><testcase classname="tests.backend_test.TestPermissions" name="test_tech_cannot_create_user" time="0.126" /><testcase classname="tests.backend_test.TestAttendance" name="test_checkin" time="0.494" /><testcase classname="tests.backend_test.TestLeave" name="test_create_and_approve_leave" time="0.504" /><testcase classname="tests.backend_test.TestUpload" name="test_upload_base64_returns_path" time="0.000" /></testsuite></testsuites>